  entity.cpp
C:\Users\karat\Documents\GitHub\3D-Game-Engine\RenderEngine\include\other utils\ZER.h(286,24): warning C4267: 'initializing': conversion from 'size_t' to 'int', possible loss of data
  (compiling source file 'src/entity.cpp')
  
C:\Users\karat\Documents\GitHub\3D-Game-Engine\RenderEngine\include\other utils\ZER.h(289,37): warning C4267: '+=': conversion from 'size_t' to 'int', possible loss of data
  (compiling source file 'src/entity.cpp')
  
C:\Users\karat\Documents\GitHub\3D-Game-Engine\RenderEngine\include\other utils\ZER.h(318,24): warning C4267: 'initializing': conversion from 'size_t' to 'int', possible loss of data
  (compiling source file 'src/entity.cpp')
  
C:\Users\karat\Documents\GitHub\3D-Game-Engine\RenderEngine\include\other utils\ZER.h(321,37): warning C4267: '+=': conversion from 'size_t' to 'int', possible loss of data
  (compiling source file 'src/entity.cpp')
  
C:\Users\karat\Documents\GitHub\3D-Game-Engine\RenderEngine\include\other utils\ZER.h(349,24): warning C4267: 'initializing': conversion from 'size_t' to 'int', possible loss of data
  (compiling source file 'src/entity.cpp')
  
C:\Users\karat\Documents\GitHub\3D-Game-Engine\RenderEngine\include\other utils\ZER.h(352,37): warning C4267: '+=': conversion from 'size_t' to 'int', possible loss of data
  (compiling source file 'src/entity.cpp')
  
C:\Users\karat\Documents\GitHub\3D-Game-Engine\RenderEngine\include\other utils\ZER.h(439,24): warning C4267: 'initializing': conversion from 'size_t' to 'unsigned int', possible loss of data
  (compiling source file 'src/entity.cpp')
  
C:\Users\karat\Documents\GitHub\3D-Game-Engine\RenderEngine\include\entity sys\components\spotlight_component.h(22,23): warning C4101: 'specular': unreferenced local variable
  (compiling source file 'src/entity.cpp')
  
  scene.cpp
C:\Users\karat\Documents\GitHub\3D-Game-Engine\RenderEngine\include\other utils\ZER.h(286,24): warning C4267: 'initializing': conversion from 'size_t' to 'int', possible loss of data
  (compiling source file 'src/scene.cpp')
  
C:\Users\karat\Documents\GitHub\3D-Game-Engine\RenderEngine\include\other utils\ZER.h(289,37): warning C4267: '+=': conversion from 'size_t' to 'int', possible loss of data
  (compiling source file 'src/scene.cpp')
  
C:\Users\karat\Documents\GitHub\3D-Game-Engine\RenderEngine\include\other utils\ZER.h(318,24): warning C4267: 'initializing': conversion from 'size_t' to 'int', possible loss of data
  (compiling source file 'src/scene.cpp')
  
C:\Users\karat\Documents\GitHub\3D-Game-Engine\RenderEngine\include\other utils\ZER.h(321,37): warning C4267: '+=': conversion from 'size_t' to 'int', possible loss of data
  (compiling source file 'src/scene.cpp')
  
C:\Users\karat\Documents\GitHub\3D-Game-Engine\RenderEngine\include\other utils\ZER.h(349,24): warning C4267: 'initializing': conversion from 'size_t' to 'int', possible loss of data
  (compiling source file 'src/scene.cpp')
  
C:\Users\karat\Documents\GitHub\3D-Game-Engine\RenderEngine\include\other utils\ZER.h(352,37): warning C4267: '+=': conversion from 'size_t' to 'int', possible loss of data
  (compiling source file 'src/scene.cpp')
  
C:\Users\karat\Documents\GitHub\3D-Game-Engine\RenderEngine\include\other utils\ZER.h(439,24): warning C4267: 'initializing': conversion from 'size_t' to 'unsigned int', possible loss of data
  (compiling source file 'src/scene.cpp')
  
C:\Users\karat\Documents\GitHub\3D-Game-Engine\RenderEngine\include\entity sys\components\spotlight_component.h(22,23): warning C4101: 'specular': unreferenced local variable
  (compiling source file 'src/scene.cpp')
  
C:\Users\karat\Documents\GitHub\3D-Game-Engine\RenderEngine\src\scene.cpp(58,38): warning C4267: '+=': conversion from 'size_t' to 'unsigned int', possible loss of data
  Generating Code...
C:\Users\karat\Documents\GitHub\3D-Game-Engine\RenderEngine\src\scene.cpp(167,1): warning C4715: '`wizm::core_scene::delete_enity'::`9'::<lambda_1>::operator()': not all control paths return a value
  RenderEngine.vcxproj -> C:\Users\karat\Documents\GitHub\3D-Game-Engine\RenderEngine\x64\Debug\RenderEngine.exe
  Copying .dll files to Debug folder	Copying .dll files to Release folder
